2020-06-03 09:22:06,282 INFO o.a.j.u.JMeterUtils: Setting Locale to en_EN
2020-06-03 09:22:06,301 INFO o.a.j.JMeter: Loading user properties from: user.properties
2020-06-03 09:22:06,302 INFO o.a.j.JMeter: Loading system properties from: system.properties
2020-06-03 09:22:06,304 INFO o.a.j.JMeter: Copyright (c) 1998-2020 The Apache Software Foundation
2020-06-03 09:22:06,304 INFO o.a.j.JMeter: Version 5.3
2020-06-03 09:22:06,304 INFO o.a.j.JMeter: java.version=1.8.0_102
2020-06-03 09:22:06,304 INFO o.a.j.JMeter: java.vm.name=Java HotSpot(TM) 64-Bit Server VM
2020-06-03 09:22:06,304 INFO o.a.j.JMeter: os.name=Windows 10
2020-06-03 09:22:06,304 INFO o.a.j.JMeter: os.arch=amd64
2020-06-03 09:22:06,304 INFO o.a.j.JMeter: os.version=10.0
2020-06-03 09:22:06,304 INFO o.a.j.JMeter: file.encoding=UTF8
2020-06-03 09:22:06,304 INFO o.a.j.JMeter: java.awt.headless=null
2020-06-03 09:22:06,304 INFO o.a.j.JMeter: Max memory     =1073741824
2020-06-03 09:22:06,305 INFO o.a.j.JMeter: Available Processors =8
2020-06-03 09:22:06,314 INFO o.a.j.JMeter: Default Locale=English (EN)
2020-06-03 09:22:06,314 INFO o.a.j.JMeter: JMeter  Locale=English (EN)
2020-06-03 09:22:06,315 INFO o.a.j.JMeter: JMeterHome=E:\project\jmeter\apache-jmeter-5.3
2020-06-03 09:22:06,315 INFO o.a.j.JMeter: user.dir  =E:\project\jmeter\apache-jmeter-5.3\bin
2020-06-03 09:22:06,315 INFO o.a.j.JMeter: PWD       =E:\project\jmeter\apache-jmeter-5.3\bin
2020-06-03 09:22:06,339 INFO o.a.j.JMeter: IP: 192.168.1.3 Name: myCom FullName: myCom
2020-06-03 09:22:06,667 INFO o.a.j.JMeter: Setting LAF to: com.github.weisj.darklaf.DarkLaf:com.github.weisj.darklaf.theme.DarculaTheme
2020-06-03 09:22:07,202 INFO o.a.j.JMeter: Loaded icon properties from org/apache/jmeter/images/icon.properties
2020-06-03 09:22:10,898 INFO o.j.r.JARSourceHTTP: Requesting https://jmeter-plugins.org/repo/?installID=windows_10-315c707870730cba43a05bedb9eabc51-gui
2020-06-03 09:22:15,912 INFO o.j.r.PluginManager: Plugins Status: [jpgc-graphs-basic=2.0, jpgc-functions=2.1, jpgc-casutg=2.9, jpgc-dummy=0.4, jpgc-ffw=2.0, jpgc-fifo=0.2, jpgc-perfmon=2.1, jpgc-plugins-manager=1.4, jpgc-tst=2.5, jmeter-core=5.3, jmeter-ftp=5.3, jmeter-http=5.3, jmeter-jdbc=5.3, jmeter-jms=5.3, jmeter-junit=5.3, jmeter-java=5.3, jmeter-ldap=5.3, jmeter-mail=5.3, jmeter-mongodb=5.3, jmeter-native=5.3, jmeter-tcp=5.3, jmeter-components=5.3, jpgc-standard=2.0]
2020-06-03 09:22:19,883 INFO o.a.j.s.FileServer: Default base='E:\project\jmeter\apache-jmeter-5.3\bin'
2020-06-03 09:22:19,888 INFO o.a.j.g.a.Load: Loading file: E:\project\jmeter\apache-jmeter-5.3\scripts\HTTP Request.jmx
2020-06-03 09:22:19,888 INFO o.a.j.s.FileServer: Set new base='E:\project\jmeter\apache-jmeter-5.3\scripts'
2020-06-03 09:22:20,072 INFO o.a.j.s.SaveService: Testplan (JMX) version: 2.2. Testlog (JTL) version: 2.2
2020-06-03 09:22:20,079 INFO o.a.j.s.SaveService: Using SaveService properties file encoding UTF-8
2020-06-03 09:22:20,080 INFO o.a.j.s.SaveService: Using SaveService properties version 5.0
2020-06-03 09:22:20,083 INFO o.a.j.s.SaveService: Loading file: E:\project\jmeter\apache-jmeter-5.3\scripts\HTTP Request.jmx
2020-06-03 09:22:20,268 INFO o.a.j.p.h.s.HTTPSamplerBase: Parser for text/html is org.apache.jmeter.protocol.http.parser.LagartoBasedHtmlParser
2020-06-03 09:22:20,268 INFO o.a.j.p.h.s.HTTPSamplerBase: Parser for application/xhtml+xml is org.apache.jmeter.protocol.http.parser.LagartoBasedHtmlParser
2020-06-03 09:22:20,269 INFO o.a.j.p.h.s.HTTPSamplerBase: Parser for application/xml is org.apache.jmeter.protocol.http.parser.LagartoBasedHtmlParser
2020-06-03 09:22:20,269 INFO o.a.j.p.h.s.HTTPSamplerBase: Parser for text/xml is org.apache.jmeter.protocol.http.parser.LagartoBasedHtmlParser
2020-06-03 09:22:20,269 INFO o.a.j.p.h.s.HTTPSamplerBase: Parser for text/vnd.wap.wml is org.apache.jmeter.protocol.http.parser.RegexpHTMLParser
2020-06-03 09:22:20,269 INFO o.a.j.p.h.s.HTTPSamplerBase: Parser for text/css is org.apache.jmeter.protocol.http.parser.CssParser
2020-06-03 09:22:20,394 INFO o.a.j.e.u.CompoundVariable: Note: Function class names must contain the string: '.functions.'
2020-06-03 09:22:20,394 INFO o.a.j.e.u.CompoundVariable: Note: Function class names must not contain the string: '.gui.'
2020-06-03 09:22:20,829 INFO o.a.j.s.SampleResult: Note: Sample TimeStamps are START times
2020-06-03 09:22:20,829 INFO o.a.j.s.SampleResult: sampleresult.default.encoding is set to ISO-8859-1
2020-06-03 09:22:20,830 INFO o.a.j.s.SampleResult: sampleresult.useNanoTime=true
2020-06-03 09:22:20,830 INFO o.a.j.s.SampleResult: sampleresult.nanoThreadSleep=5000
2020-06-03 09:22:21,287 INFO o.a.j.s.FileServer: Set new base='E:\project\jmeter\apache-jmeter-5.3\scripts'
